This is pdfTeX, Version 3.141592653-2.6-1.40.23 (TeX Live 2021/W32TeX) (preloaded format=pdflatex 2021.8.29)  4 SEP 2021 10:07
entering extended mode
 restricted \write18 enabled.
 %&-line parsing enabled.
**51-biblio.tex
(./51-biblio.tex
LaTeX2e <2021-06-01> patch level 1
L3 programming layer <2021-08-27>
\bibdata{51-biblio}
No file 51-biblio.bbl.
)
! Emergency stop.
<*> 51-biblio.tex
                 
*** (job aborted, no legal \end found)

 
Here is how much of TeX's memory you used:
 19 strings out of 478893
 440 string characters out of 5867671
 289474 words of memory out of 5000000
 17952 multiletter control sequences out of 15000+600000
 403430 words of font info for 27 fonts, out of 8000000 for 9000
 1038 hyphenation exceptions out of 8191
 16i,0n,26p,153b,18s stack positions out of 5000i,500n,10000p,200000b,80000s
!  ==> Fatal error occurred, no output PDF file produced!
